<?xml version="1.0" encoding="UTF-8"?>
<!-- Generated by org.testng.reporters.JUnitReportReporter -->
<testsuite skipped="0" hostname="DESKTOP-N308L1J" name="test.LoginTest" tests="1" failures="0" timestamp="07 Jan 2023 18:00:32 GMT" time="9.063" errors="0">
  <testcase name="validUserShouldBeAbleToLogin" time="9.063" classname="test.LoginTest"/>
</testsuite> <!-- test.LoginTest -->
