<?xml version="1.0" encoding="UTF-8"?>
<!-- Generated by org.testng.reporters.JUnitReportReporter -->
<testsuite skipped="0" hostname="DESKTOP-N308L1J" name="test.AddCustomerTest" tests="1" failures="0" timestamp="07 Jan 2023 19:35:57 GMT" time="16.417" errors="0">
  <testcase name="validCustomerShouldBeAbleToCreateCustomer" time="16.417" classname="test.AddCustomerTest"/>
</testsuite> <!-- test.AddCustomerTest -->
